11:47:01.973 [INFO] Connecting locally to instance AD/ENG.
11:47:02.200 [DEBUG] Connecting with CCSID 37
11:47:02.721 [DEBUG] Running command CHKOBJ OBJ(QSYS/ARCAD_ENG) OBJTYPE(*LIB)
11:47:02.736 [DEBUG] Running command CHKOBJ OBJ(QSYS/ARCAD_FRA) OBJTYPE(*LIB)
11:47:02.766 [DEBUG] Running command CHKOBJ OBJ(QSYS/ARCAD_ENG) OBJTYPE(*LIB)
11:47:02.768 [DEBUG] Running command CHKOBJ OBJ(QSYS/ARCAD_FRA) OBJTYPE(*LIB)
11:47:02.776 [DEBUG] Running program /QSYS.LIB/ARCAD_PRD.LIB/AARK003G1.PGM
11:47:03.080 [DEBUG] Running command ACHGPRMDAA NAME(ARCINSACT) DTAARALIB(QTEMP) CREATE(*YES) CRTLEN(2) VALUE(AD)
11:47:03.121 [DEBUG] Running command CHKOBJ OBJ(ARCAD_PRD/AARK500G0) OBJTYPE(*PGM)
11:47:03.122 [DEBUG] Running program /QSYS.LIB/QWCRDTAA.PGM
11:47:03.132 [INFO] Connected to Arcad Server instance AD/ENG version 22.01.00 with CCSID 37
11:47:03.165 [DEBUG] Running program /QSYS.LIB/ARCAD_PRD.LIB/AARK903R1.PGM
11:47:03.199 [DEBUG] Running program /QSYS.LIB/ARCAD_PRD.LIB/AARK500G0.PGM
11:47:03.284 [DEBUG] Running program /QSYS.LIB/ARCAD_PRD.LIB/AARK500G0.PGM
11:47:03.667 [INFO] Starting project synchronization
11:47:04.111 [DEBUG] Retrieved target application from code and repository
11:47:04.122 [DEBUG] Running program /QSYS.LIB/ARCAD_PRD.LIB/AARK500G0.PGM
11:47:04.504 [INFO] Configuration summary:
	- Repository: git@github.com:bmarolleau/samco.git
	- Branch: feature/myfeature
	- Application: SAMCO
	- Project IFS directory: /home/BENOIT/amp_samco
	- Target IFS directory: /ArcADSCM/SAMCO/SB.00.00
	- Target version: SAMCO DEV SB.00.00
	- Hash comparison: MD5
	- Synchronization type: SANDBOX
11:47:04.505 [INFO] Preparing transfer operations
11:47:04.601 [DEBUG] Running program /QSYS.LIB/ARCAD_PRD.LIB/AARK500G0.PGM
11:47:04.617 [DEBUG] Running program /QSYS.LIB/ARCAD_PRD.LIB/AARK500G0.PGM
11:47:04.625 [DEBUG] Running program /QSYS.LIB/ARCAD_PRD.LIB/AARK500G0.PGM
11:47:04.653 [DEBUG] Running program /QSYS.LIB/ARCAD_PRD.LIB/AARK500G0.PGM
11:47:05.001 [ERROR] 1 mapping(s) not found in application SAMCO topology:
	- TXT
11:47:05.003 [INFO] Duration: 0 second(s)
11:47:05.008 [ERROR] ===== Synchronization report =====
11:47:05.009 [ERROR] === 2 error(s) ===
11:47:05.011 [ERROR] No mapping found for file FilesToStage.txt -> member FILESTOSTA (TXT) in ARCAD application SAMCO topology
11:47:05.011 [ERROR] Missing mapping TXT
11:47:05.011 [WARN] === 1 warning(s) ===
11:47:05.013 [WARN] Member name FilesToStage exceeds 10 characters; it has been truncated.
11:47:05.013 [ERROR] ===== End of synchronization report =====
11:47:05.014 [ERROR] Failed to synchronize project with version SAMCO DEV SB.00.00
